2019-11-01 17:41:44 pid:20031 Workerman[mtquote.php] start in DEBUG mode
2019-11-01 17:45:54 pid:20031 Workerman[mtquote.php] stopping ...
2019-11-01 17:45:54 pid:20031 Workerman[mtquote.php] has been stopped
2019-11-01 17:45:56 pid:20246 Workerman[mtquote.php] start in DAEMON mode
2019-11-01 17:57:02 pid:20818 Workerman[mtquote.php] restart 
2019-11-01 17:57:02 pid:20818 Workerman[mtquote.php] is stopping ...
2019-11-01 17:57:02 pid:20248 Workerman[mtquote.php] stopping ...
2019-11-01 17:57:02 pid:20248 Workerman[mtquote.php] has been stopped
2019-11-01 17:57:02 pid:20818 Workerman[mtquote.php] stop success
2019-11-01 17:58:18 pid:20818 Workerman[mtquote.php] stopping ...
2019-11-01 17:58:18 pid:20818 Workerman[mtquote.php] has been stopped
2019-11-01 17:58:21 pid:20843 Workerman[mtquote.php] restart 
2019-11-01 17:58:21 pid:20843 Workerman[mtquote.php] is stopping ...
2019-11-01 17:58:21 pid:20843 Workerman[mtquote.php] stop success
2019-11-01 18:00:04 pid:20998 Workerman[mtquote.php] restart 
2019-11-01 18:00:04 pid:20998 Workerman[mtquote.php] is stopping ...
2019-11-01 18:00:04 pid:20845 Workerman[mtquote.php] stopping ...
2019-11-01 18:00:04 pid:20845 Workerman[mtquote.php] has been stopped
2019-11-01 18:00:04 pid:20998 Workerman[mtquote.php] stop success
2019-11-01 18:23:09 pid:20998 Workerman[mtquote.php] stopping ...
2019-11-01 18:23:09 pid:20998 Workerman[mtquote.php] has been stopped
2019-11-01 18:23:12 pid:22356 Workerman[mtquote.php] restart 
2019-11-01 18:23:12 pid:22356 Workerman[mtquote.php] is stopping ...
2019-11-01 18:23:12 pid:22356 Workerman[mtquote.php] stop success
2019-11-01 18:26:31 pid:22356 Workerman[mtquote.php] stopping ...
2019-11-01 18:26:31 pid:22356 Workerman[mtquote.php] has been stopped
2019-11-01 18:27:53 pid:22545 Workerman[mtquote.php] restart 
2019-11-01 18:27:53 pid:22545 Workerman[mtquote.php] is stopping ...
2019-11-01 18:27:53 pid:22545 Workerman[mtquote.php] stop success
2019-11-01 18:31:56 pid:22545 Workerman[mtquote.php] stopping ...
2019-11-01 18:31:56 pid:22545 Workerman[mtquote.php] has been stopped
2019-11-01 18:33:16 pid:22677 Workerman[mtquote.php] restart 
2019-11-01 18:33:16 pid:22677 Workerman[mtquote.php] is stopping ...
2019-11-01 18:33:16 pid:22677 Workerman[mtquote.php] stop success
2019-11-01 18:35:11 pid:22677 Workerman[mtquote.php] stopping ...
2019-11-01 18:35:11 pid:22677 Workerman[mtquote.php] has been stopped
2019-11-01 18:36:03 pid:22746 Workerman[mtquote.php] restart 
2019-11-01 18:36:03 pid:22746 Workerman[mtquote.php] is stopping ...
2019-11-01 18:36:03 pid:22746 Workerman[mtquote.php] stop success
2019-11-01 18:38:24 pid:22746 Workerman[mtquote.php] stopping ...
2019-11-01 18:38:24 pid:22746 Workerman[mtquote.php] has been stopped
2019-11-01 18:38:27 pid:22795 Workerman[mtquote.php] restart 
2019-11-01 18:38:27 pid:22795 Workerman[mtquote.php] is stopping ...
2019-11-01 18:38:27 pid:22795 Workerman[mtquote.php] stop success
2019-11-01 18:55:03 pid:23675 Workerman[mtquote.php] restart 
2019-11-01 18:55:03 pid:23675 Workerman[mtquote.php] is stopping ...
2019-11-01 18:55:03 pid:22797 Workerman[mtquote.php] stopping ...
2019-11-01 18:55:03 pid:22797 Workerman[mtquote.php] has been stopped
2019-11-01 18:55:03 pid:23675 Workerman[mtquote.php] stop success
2019-11-01 18:57:06 pid:23675 Workerman[mtquote.php] stopping ...
2019-11-01 18:57:06 pid:23675 Workerman[mtquote.php] has been stopped
2019-11-01 18:58:15 pid:23738 Workerman[mtquote.php] restart 
2019-11-01 18:58:15 pid:23738 Workerman[mtquote.php] is stopping ...
2019-11-01 18:58:15 pid:23738 Workerman[mtquote.php] stop success
2019-11-01 19:18:37 pid:23738 Workerman[mtquote.php] stopping ...
2019-11-01 19:18:37 pid:23738 Workerman[mtquote.php] has been stopped
2019-11-01 19:18:39 pid:26362 Workerman[mtquote.php] restart 
2019-11-01 19:18:39 pid:26362 Workerman[mtquote.php] is stopping ...
2019-11-01 19:18:39 pid:26362 Workerman[mtquote.php] stop success
